remote06:~/cs220_proj4> ./vsim inputs/sample4
page_size = 2 bytes
mem_size = 16 bytes
tlb_size = 4 entries
max_jobs = 8 jobs
filename = inputs/sample4

Forking new process init.  Assigning pid: 0.

===================================================
Switching to process: init. Corresponding pid: 0.
===================================================

STORING 000 as data in virtual address 00000.
Virtual Address information: (VPN: 00000 PFN: 00000 OFFSET: 00000)
Complete

STORING 000 as data in virtual address 00002.
Virtual Address information: (VPN: 00001 PFN: 00001 OFFSET: 00000)
Complete

STORING 000 as data in virtual address 00004.
Virtual Address information: (VPN: 00002 PFN: 00002 OFFSET: 00000)
Complete

STORING 000 as data in virtual address 00006.
Virtual Address information: (VPN: 00003 PFN: 00003 OFFSET: 00000)
Complete

STORING 000 as data in virtual address 00008.
Virtual Address information: (VPN: 00004 PFN: 00004 OFFSET: 00000)
Complete

STORING 000 as data in virtual address 00010.
Virtual Address information: (VPN: 00005 PFN: 00005 OFFSET: 00000)
Complete

STORING 000 as data in virtual address 00012.
Virtual Address information: (VPN: 00006 PFN: 00006 OFFSET: 00000)
Complete

STORING 000 as data in virtual address 00014.
Virtual Address information: (VPN: 00007 PFN: 00007 OFFSET: 00000)
Complete

STORING 000 as data in virtual address 00016.
Virtual Address information: (VPN: 00008 PFN: 00000 OFFSET: 00000)
Complete

STORING 000 as data in virtual address 00018.
Virtual Address information: (VPN: 00009 PFN: 00001 OFFSET: 00000)
Complete

STORING 000 as data in virtual address 00020.
Virtual Address information: (VPN: 00010 PFN: 00000 OFFSET: 00000)
Complete

STORING 000 as data in virtual address 00022.
Virtual Address information: (VPN: 00011 PFN: 00002 OFFSET: 00000)
Complete

LOADING 000 as data from virtual address 00012.
Virtual Address Information: (VPN: 00006 PFN: 00006 OFFSET: 00000)
Value Loaded:  0
Complete

STORING 000 as data in virtual address 00010.
Virtual Address information: (VPN: 00005 PFN: 00005 OFFSET: 00000)
Complete

LOADING 000 as data from virtual address 00016.
Virtual Address Information: (VPN: 00008 PFN: 00000 OFFSET: 00000)
Value Loaded:  0
Complete

LOADING 000 as data from virtual address 00000.
Virtual Address Information: (VPN: 00000 PFN: 00001 OFFSET: 00000)
Value Loaded:  0
Complete


-----------------------
Statistics:
-----------------------
Reads:                  3
Writes:                13
TLB Hits:               0
Page Faults:           14
Disk IO:          8

Effective Mean Access Time:          140003200.000000 ns
